<?xml version="1.0" encoding="UTF-8"?>
<!-- Generated by org.testng.reporters.JUnitXMLReporter -->
<testsuite hostname="HYD-BHAKUM-MOB" ignored="0" name="Authorization Test" tests="4" failures="0" timestamp="2020-05-11T00:30:02 IST" time="79.387" errors="0">
  <testcase name="authorizationCheckEmailNotExistTest" time="11.774" classname="com.centime.selenium.test.AuthorizationPositiveTest"/>
  <testcase name="authorizationCreationTest" time="17.283" classname="com.centime.selenium.test.AuthorizationPositiveTest"/>
  <testcase name="authorizationCheckEmailAlreadyExistTest" time="16.724" classname="com.centime.selenium.test.AuthorizationNegativeTest"/>
  <testcase name="authorizationValidationErrorsTest" time="16.563" classname="com.centime.selenium.test.AuthorizationNegativeTest"/>
</testsuite> <!-- Authorization Test -->
