<?xml version="1.0" encoding="UTF-8"?>
<!-- Generated by org.testng.reporters.JUnitXMLReporter -->
<testsuite hostname="HYD-BHAKUM-MOB" ignored="1" name="Default test" tests="1" failures="0" timestamp="2020-05-11T13:17:40 IST" time="79.553" errors="0">
  <testcase name="authorizationValidationErrorsTest" time="74.201" classname="com.centime.selenium.test.AuthorizationNegativeTest"/>
  <testcase name="authorizationCheckEmailAlreadyExistTest" time="0.0" classname="com.centime.selenium.test.AuthorizationNegativeTest">
    <ignored/>
  </testcase> <!-- authorizationCheckEmailAlreadyExistTest -->
</testsuite> <!-- Default test -->
